<?xml version="1.0" encoding="UTF-8"?>
<!-- Generated by org.testng.reporters.JUnitReportReporter -->
<testsuite hostname="LAPTOP-BON7O57K" failures="0" tests="6" name="_01_Package._01_Class" time="4.992" errors="0" timestamp="2025-07-01T10:27:22 IST" skipped="0">
  <testcase classname="_01_Package._01_Class" name="post_user" time="3.272"/>
  <testcase classname="_01_Package._01_Class" name="put_user" time="0.720"/>
  <testcase classname="_01_Package._01_Class" name="patch_user" time="0.386"/>
  <testcase classname="_01_Package._01_Class" name="get_user" time="0.171"/>
  <testcase classname="_01_Package._01_Class" name="negative_test" time="0.083"/>
  <testcase classname="_01_Package._01_Class" name="delete_user" time="0.360"/>
</testsuite> <!-- _01_Package._01_Class -->
